c:\users\xavi\desktop\mecànica_v3\x64\debug\int\vc141.pdb
c:\users\xavi\desktop\mecànica_v3\x64\debug\int\vc141.idb
c:\users\xavi\desktop\mecànica_v3\x64\debug\int\render_prims.obj
c:\users\xavi\desktop\mecànica_v3\x64\debug\int\render.obj
c:\users\xavi\desktop\mecànica_v3\x64\debug\int\physics.obj
c:\users\xavi\desktop\mecànica_v3\x64\debug\int\particlesystem.obj
c:\users\xavi\desktop\mecànica_v3\x64\debug\int\exemple.obj
c:\users\xavi\desktop\mecànica_v3\x64\debug\int\main.obj
c:\users\xavi\desktop\mecànica_v3\x64\debug\int\imgui_impl_sdl_gl3.obj
c:\users\xavi\desktop\mecànica_v3\x64\debug\int\imgui_draw.obj
c:\users\xavi\desktop\mecànica_v3\x64\debug\int\imgui_demo.obj
c:\users\xavi\desktop\mecànica_v3\x64\debug\int\imgui.obj
c:\users\xavi\desktop\mecànica_v3\x64\debug\gl_framework.lib
c:\users\xavi\desktop\mecànica_v3\x64\debug\gl_framework.exp
c:\users\xavi\desktop\mecànica_v3\x64\debug\gl_framework.exe
c:\users\xavi\desktop\mecànica_v3\x64\debug\gl_framework.ilk
c:\users\xavi\desktop\mecànica_v3\x64\debug\gl_framework.pdb
c:\users\xavi\desktop\mecànica_v3\x64\debug\int\gl_framework.tlog\cl.command.1.tlog
c:\users\xavi\desktop\mecànica_v3\x64\debug\int\gl_framework.tlog\cl.read.1.tlog
c:\users\xavi\desktop\mecànica_v3\x64\debug\int\gl_framework.tlog\cl.write.1.tlog
c:\users\xavi\desktop\mecànica_v3\x64\debug\int\gl_framework.tlog\gl_framework.write.1u.tlog
c:\users\xavi\desktop\mecànica_v3\x64\debug\int\gl_framework.tlog\link.command.1.tlog
c:\users\xavi\desktop\mecànica_v3\x64\debug\int\gl_framework.tlog\link.read.1.tlog
c:\users\xavi\desktop\mecànica_v3\x64\debug\int\gl_framework.tlog\link.write.1.tlog
